mode: set
github.com/catbugdemo/utilx/httpx.go:12.74,14.14 2 0
github.com/catbugdemo/utilx/httpx.go:17.2,19.14 3 0
github.com/catbugdemo/utilx/httpx.go:22.2,22.17 1 0
github.com/catbugdemo/utilx/httpx.go:25.2,25.22 1 0
github.com/catbugdemo/utilx/httpx.go:29.2,29.59 1 0
github.com/catbugdemo/utilx/httpx.go:32.2,32.12 1 0
github.com/catbugdemo/utilx/httpx.go:14.14,16.3 1 0
github.com/catbugdemo/utilx/httpx.go:19.14,21.3 1 0
github.com/catbugdemo/utilx/httpx.go:22.17,24.3 1 0
github.com/catbugdemo/utilx/httpx.go:25.22,27.3 1 0
github.com/catbugdemo/utilx/httpx.go:29.59,31.3 1 0
github.com/catbugdemo/utilx/jsonx.go:9.51,11.14 2 1
github.com/catbugdemo/utilx/jsonx.go:14.2,14.28 1 1
github.com/catbugdemo/utilx/jsonx.go:11.14,13.3 1 0
github.com/catbugdemo/utilx/randx.go:13.32,14.15 1 1
github.com/catbugdemo/utilx/randx.go:17.2,17.30 1 1
github.com/catbugdemo/utilx/randx.go:14.15,16.3 1 1
github.com/catbugdemo/utilx/test.go:16.30,18.14 2 1
github.com/catbugdemo/utilx/test.go:21.2,22.14 2 1
github.com/catbugdemo/utilx/test.go:25.2,25.13 1 1
github.com/catbugdemo/utilx/test.go:18.14,20.3 1 0
github.com/catbugdemo/utilx/test.go:22.14,24.3 1 0
github.com/catbugdemo/utilx/test.go:32.79,37.14 4 1
github.com/catbugdemo/utilx/test.go:41.2,49.13 7 1
github.com/catbugdemo/utilx/test.go:37.14,39.3 1 0
github.com/catbugdemo/utilx/test.go:52.59,65.2 9 1
github.com/catbugdemo/utilx/test.go:67.28,70.2 2 1
github.com/catbugdemo/utilx/file.go:9.37,12.2 2 1
github.com/catbugdemo/utilx/file.go:15.30,16.54 1 1
github.com/catbugdemo/utilx/file.go:19.2,19.12 1 1
github.com/catbugdemo/utilx/file.go:16.54,18.3 1 0
github.com/catbugdemo/utilx/float.go:9.38,11.2 1 1
